<?xml version="1.0" encoding="UTF-8"?>
<coverage generated="1640188812881" clover="3.2.0">
  <project timestamp="1640188812881" name="All files">
    <metrics statements="32" coveredstatements="28" conditionals="8" coveredconditionals="6" methods="8" coveredmethods="7" elements="48" coveredelements="41" complexity="0" loc="32" ncloc="32" packages="2" files="3" classes="3">
      <package name="src">
        <metrics statements="30" coveredstatements="26" conditionals="8" coveredconditionals="6" methods="7" coveredmethods="6"/>
        <file name="Snippets.js" path="/Users/4ant0m/WebstormProjects/Website Files/regen-front/src/util/react-tru-conversion-module/src/Snippets.js">
          <metrics statements="11" coveredstatements="11" conditionals="6" coveredconditionals="6" methods="2" coveredmethods="2"/>
          <line num="3" count="2" type="stmt"/>
          <line num="5" count="5" type="cond" truecount="2" falsecount="0"/>
          <line num="6" count="5" type="cond" truecount="2" falsecount="0"/>
          <line num="8" count="5" type="stmt"/>
          <line num="19" count="5" type="stmt"/>
          <line num="21" count="5" type="stmt"/>
          <line num="27" count="6" type="stmt"/>
          <line num="28" count="6" type="cond" truecount="2" falsecount="0"/>
          <line num="29" count="1" type="stmt"/>
          <line num="31" count="6" type="stmt"/>
          <line num="35" count="2" type="stmt"/>
        </file>
        <file name="TruConversion.js" path="/Users/4ant0m/WebstormProjects/Website Files/regen-front/src/util/react-tru-conversion-module/src/TruConversion.js">
          <metrics statements="19" coveredstatements="15" conditionals="2" coveredconditionals="0" methods="5" coveredmethods="4"/>
          <line num="3" count="1" type="stmt"/>
          <line num="5" count="2" type="stmt"/>
          <line num="6" count="2" type="stmt"/>
          <line num="7" count="2" type="stmt"/>
          <line num="10" count="2" type="stmt"/>
          <line num="12" count="2" type="stmt"/>
          <line num="13" count="2" type="stmt"/>
          <line num="14" count="2" type="stmt"/>
          <line num="15" count="2" type="stmt"/>
          <line num="18" count="2" type="stmt"/>
          <line num="20" count="2" type="stmt"/>
          <line num="26" count="2" type="stmt"/>
          <line num="30" count="2" type="stmt"/>
          <line num="31" count="2" type="stmt"/>
          <line num="34" count="0" type="cond" truecount="0" falsecount="2"/>
          <line num="35" count="0" type="stmt"/>
          <line num="36" count="0" type="stmt"/>
          <line num="37" count="0" type="stmt"/>
          <line num="41" count="1" type="stmt"/>
        </file>
      </package>
      <package name="src.utils">
        <metrics statements="2" coveredstatements="2" conditionals="0" coveredconditionals="0" methods="1" coveredmethods="1"/>
        <file name="warn.js" path="/Users/4ant0m/WebstormProjects/Website Files/regen-front/src/util/react-tru-conversion-module/src/utils/warn.js">
          <metrics statements="2" coveredstatements="2" conditionals="0" coveredconditionals="0" methods="1" coveredmethods="1"/>
          <line num="1" count="3" type="stmt"/>
          <line num="2" count="3" type="stmt"/>
        </file>
      </package>
    </metrics>
  </project>
</coverage>
