{"/Users/4ant0m/WebstormProjects/Website Files/regen-front/src/util/react-tru-conversion-module/src/Snippets.js": {"path":"/Users/4ant0m/WebstormProjects/Website Files/regen-front/src/util/react-tru-conversion-module/src/Snippets.js","statementMap":{"0":{"start":{"line":3,"column":17},"end":{"line":33,"column":1}},"1":{"start":{"line":5,"column":8},"end":{"line":5,"column":40}},"2":{"start":{"line":5,"column":17},"end":{"line":5,"column":40}},"3":{"start":{"line":6,"column":8},"end":{"line":6,"column":58}},"4":{"start":{"line":6,"column":26},"end":{"line":6,"column":58}},"5":{"start":{"line":8,"column":23},"end":{"line":17,"column":34}},"6":{"start":{"line":19,"column":29},"end":{"line":19,"column":54}},"7":{"start":{"line":21,"column":8},"end":{"line":24,"column":9}},"8":{"start":{"line":27,"column":19},"end":{"line":27,"column":53}},"9":{"start":{"line":28,"column":8},"end":{"line":30,"column":9}},"10":{"start":{"line":29,"column":12},"end":{"line":29,"column":68}},"11":{"start":{"line":31,"column":8},"end":{"line":31,"column":20}},"12":{"start":{"line":35,"column":0},"end":{"line":35,"column":26}}},"fnMap":{"0":{"name":"(anonymous_0)","decl":{"start":{"line":4,"column":10},"end":{"line":4,"column":11}},"loc":{"start":{"line":4,"column":50},"end":{"line":25,"column":5}},"line":4},"1":{"name":"(anonymous_1)","decl":{"start":{"line":26,"column":15},"end":{"line":26,"column":16}},"loc":{"start":{"line":26,"column":36},"end":{"line":32,"column":5}},"line":26}},"branchMap":{"0":{"loc":{"start":{"line":5,"column":8},"end":{"line":5,"column":40}},"type":"if","locations":[{"start":{"line":5,"column":8},"end":{"line":5,"column":40}},{"start":{"line":5,"column":8},"end":{"line":5,"column":40}}],"line":5},"1":{"loc":{"start":{"line":6,"column":8},"end":{"line":6,"column":58}},"type":"if","locations":[{"start":{"line":6,"column":8},"end":{"line":6,"column":58}},{"start":{"line":6,"column":8},"end":{"line":6,"column":58}}],"line":6},"2":{"loc":{"start":{"line":28,"column":8},"end":{"line":30,"column":9}},"type":"if","locations":[{"start":{"line":28,"column":8},"end":{"line":30,"column":9}},{"start":{"line":28,"column":8},"end":{"line":30,"column":9}}],"line":28}},"s":{"0":2,"1":5,"2":1,"3":5,"4":1,"5":5,"6":5,"7":5,"8":6,"9":6,"10":1,"11":6,"12":2},"f":{"0":5,"1":6},"b":{"0":[1,4],"1":[1,4],"2":[1,5]},"_coverageSchema":"332fd63041d2c1bcb487cc26dd0d5f7d97098a6c","hash":"97b0673871f650e64c8e4fe5e53f2964d48f1754"}
,"/Users/4ant0m/WebstormProjects/Website Files/regen-front/src/util/react-tru-conversion-module/src/TruConversion.js": {"path":"/Users/4ant0m/WebstormProjects/Website Files/regen-front/src/util/react-tru-conversion-module/src/TruConversion.js","statementMap":{"0":{"start":{"line":3,"column":22},"end":{"line":39,"column":1}},"1":{"start":{"line":5,"column":23},"end":{"line":5,"column":55}},"2":{"start":{"line":6,"column":8},"end":{"line":6,"column":37}},"3":{"start":{"line":7,"column":8},"end":{"line":7,"column":21}},"4":{"start":{"line":10,"column":25},"end":{"line":10,"column":44}},"5":{"start":{"line":12,"column":23},"end":{"line":16,"column":9}},"6":{"start":{"line":13,"column":27},"end":{"line":13,"column":59}},"7":{"start":{"line":14,"column":12},"end":{"line":14,"column":46}},"8":{"start":{"line":15,"column":12},"end":{"line":15,"column":25}},"9":{"start":{"line":18,"column":27},"end":{"line":18,"column":65}},"10":{"start":{"line":20,"column":8},"end":{"line":23,"column":9}},"11":{"start":{"line":26,"column":30},"end":{"line":29,"column":10}},"12":{"start":{"line":30,"column":8},"end":{"line":30,"column":60}},"13":{"start":{"line":31,"column":8},"end":{"line":31,"column":87}},"14":{"start":{"line":34,"column":8},"end":{"line":34,"column":59}},"15":{"start":{"line":34,"column":25},"end":{"line":34,"column":59}},"16":{"start":{"line":35,"column":25},"end":{"line":35,"column":54}},"17":{"start":{"line":36,"column":27},"end":{"line":36,"column":52}},"18":{"start":{"line":37,"column":8},"end":{"line":37,"column":75}},"19":{"start":{"line":41,"column":0},"end":{"line":41,"column":31}}},"fnMap":{"0":{"name":"(anonymous_0)","decl":{"start":{"line":4,"column":16},"end":{"line":4,"column":17}},"loc":{"start":{"line":4,"column":37},"end":{"line":8,"column":5}},"line":4},"1":{"name":"(anonymous_1)","decl":{"start":{"line":9,"column":19},"end":{"line":9,"column":20}},"loc":{"start":{"line":9,"column":35},"end":{"line":24,"column":5}},"line":9},"2":{"name":"(anonymous_2)","decl":{"start":{"line":12,"column":23},"end":{"line":12,"column":24}},"loc":{"start":{"line":12,"column":29},"end":{"line":16,"column":9}},"line":12},"3":{"name":"(anonymous_3)","decl":{"start":{"line":25,"column":16},"end":{"line":25,"column":17}},"loc":{"start":{"line":25,"column":45},"end":{"line":32,"column":5}},"line":25},"4":{"name":"(anonymous_4)","decl":{"start":{"line":33,"column":15},"end":{"line":33,"column":16}},"loc":{"start":{"line":33,"column":38},"end":{"line":38,"column":5}},"line":33}},"branchMap":{"0":{"loc":{"start":{"line":34,"column":8},"end":{"line":34,"column":59}},"type":"if","locations":[{"start":{"line":34,"column":8},"end":{"line":34,"column":59}},{"start":{"line":34,"column":8},"end":{"line":34,"column":59}}],"line":34}},"s":{"0":1,"1":2,"2":2,"3":2,"4":2,"5":2,"6":2,"7":2,"8":2,"9":2,"10":2,"11":2,"12":2,"13":2,"14":0,"15":0,"16":0,"17":0,"18":0,"19":1},"f":{"0":2,"1":2,"2":2,"3":2,"4":0},"b":{"0":[0,0]},"_coverageSchema":"332fd63041d2c1bcb487cc26dd0d5f7d97098a6c","hash":"47a3332294b18d11bf216c30930d76c8fb7c10c5"}
,"/Users/4ant0m/WebstormProjects/Website Files/regen-front/src/util/react-tru-conversion-module/src/utils/warn.js": {"path":"/Users/4ant0m/WebstormProjects/Website Files/regen-front/src/util/react-tru-conversion-module/src/utils/warn.js","statementMap":{"0":{"start":{"line":1,"column":13},"end":{"line":3,"column":1}},"1":{"start":{"line":2,"column":2},"end":{"line":2,"column":44}}},"fnMap":{"0":{"name":"(anonymous_0)","decl":{"start":{"line":1,"column":13},"end":{"line":1,"column":14}},"loc":{"start":{"line":1,"column":20},"end":{"line":3,"column":1}},"line":1}},"branchMap":{},"s":{"0":3,"1":3},"f":{"0":3},"b":{},"_coverageSchema":"332fd63041d2c1bcb487cc26dd0d5f7d97098a6c","hash":"195383421c3f82364f25c4f16ac8c386f412c1cc"}
}
