TN:
SF:/Users/4ant0m/WebstormProjects/Website Files/regen-front/src/util/react-tru-conversion-module/src/Snippets.js
FN:4,(anonymous_0)
FN:26,(anonymous_1)
FNF:2
FNH:2
FNDA:5,(anonymous_0)
FNDA:6,(anonymous_1)
DA:3,2
DA:5,5
DA:6,5
DA:8,5
DA:19,5
DA:21,5
DA:27,6
DA:28,6
DA:29,1
DA:31,6
DA:35,2
LF:11
LH:11
BRDA:5,0,0,1
BRDA:5,0,1,4
BRDA:6,1,0,1
BRDA:6,1,1,4
BRDA:28,2,0,1
BRDA:28,2,1,5
BRF:6
BRH:6
end_of_record
TN:
SF:/Users/4ant0m/WebstormProjects/Website Files/regen-front/src/util/react-tru-conversion-module/src/TruConversion.js
FN:4,(anonymous_0)
FN:9,(anonymous_1)
FN:12,(anonymous_2)
FN:25,(anonymous_3)
FN:33,(anonymous_4)
FNF:5
FNH:4
FNDA:2,(anonymous_0)
FNDA:2,(anonymous_1)
FNDA:2,(anonymous_2)
FNDA:2,(anonymous_3)
FNDA:0,(anonymous_4)
DA:3,1
DA:5,2
DA:6,2
DA:7,2
DA:10,2
DA:12,2
DA:13,2
DA:14,2
DA:15,2
DA:18,2
DA:20,2
DA:26,2
DA:30,2
DA:31,2
DA:34,0
DA:35,0
DA:36,0
DA:37,0
DA:41,1
LF:19
LH:15
BRDA:34,0,0,0
BRDA:34,0,1,0
BRF:2
BRH:0
end_of_record
TN:
SF:/Users/4ant0m/WebstormProjects/Website Files/regen-front/src/util/react-tru-conversion-module/src/utils/warn.js
FN:1,(anonymous_0)
FNF:1
FNH:1
FNDA:3,(anonymous_0)
DA:1,3
DA:2,3
LF:2
LH:2
BRF:0
BRH:0
end_of_record
